<?xml version="1.0" encoding="UTF-8"?>
<testsuite xmlns:xsi="http://www.w3.org/2001/XMLSchema-instance" xsi:noNamespaceSchemaLocation="https://maven.apache.org/surefire/maven-surefire-plugin/xsd/surefire-test-report-3.0.xsd" version="3.0" name="com.mongodannaclubes.app.MongoDannaClubesApplicationTests" time="6.647" tests="1" errors="0" skipped="0" failures="0">
  <properties>
[...]
</properties>
  <testcase name="contextLoads" classname="com.mongodannaclubes.app.MongoDannaClubesApplicationTests" time="1.388">
    <system-out><![CDATA[15:35:53.951 [main] INFO org.springframework.test.context.support.AnnotationConfigContextLoaderUtils -- Could not detect default configuration classes for test class [com.mongodannaclubes.app.MongoDannaClubesApplicationTests]: MongoDannaClubesApplicationTests does not declare any static, non-private, non-final, nested classes annotated with @Configuration.
15:35:54.116 [main] INFO org.springframework.boot.test.context.SpringBootTestContextBootstrapper -- Found @SpringBootConfiguration com.mongodannaclubes.app.MongoDannaClubesApplication for test class com.mongodannaclubes.app.MongoDannaClubesApplicationTests
15:35:54.428 [main] INFO org.springframework.boot.devtools.restart.RestartApplicationListener -- Restart disabled due to context in which it is running

  .   ____          _            __ _ _
 /\\ / ___'_ __ _ _(_)_ __  __ _ \ \ \ \
( ( )\___ | '_ | '_| | '_ \/ _` | \ \ \ \
 \\/  ___)| |_)| | | | | || (_| |  ) ) ) )
  '  |____| .__|_| |_|_| |_\__, | / / / /
 =========|_|==============|___/=/_/_/_/

 :: Spring Boot ::                (v3.3.4)

2024-10-13T15:35:54.791-05:00  INFO 30856 --- [MongoDannaClubes] [           main] c.m.a.MongoDannaClubesApplicationTests   : Starting MongoDannaClubesApplicationTests using Java 17.0.10 with PID 30856 (started by Danna Millan in C:\TrabajosSpring\MongoDannaClubes)
2024-10-13T15:35:54.795-05:00  INFO 30856 --- [MongoDannaClubes] [           main] c.m.a.MongoDannaClubesApplicationTests   : No active profile set, falling back to 1 default profile: "default"
2024-10-13T15:35:55.751-05:00  INFO 30856 --- [MongoDannaClubes] [           main] .s.d.r.c.RepositoryConfigurationDelegate : Bootstrapping Spring Data MongoDB repositories in DEFAULT mode.
2024-10-13T15:35:55.876-05:00  INFO 30856 --- [MongoDannaClubes] [           main] .s.d.r.c.RepositoryConfigurationDelegate : Finished Spring Data repository scanning in 115 ms. Found 5 MongoDB repository interfaces.
2024-10-13T15:35:56.909-05:00  INFO 30856 --- [MongoDannaClubes] [           main] org.mongodb.driver.client                : MongoClient with metadata {"driver": {"name": "mongo-java-driver|sync|spring-boot", "version": "5.0.1"}, "os": {"type": "Windows", "name": "Windows 11", "architecture": "amd64", "version": "10.0"}, "platform": "Java/Eclipse Adoptium/17.0.10+7"} created with settings MongoClientSettings{readPreference=primary, writeConcern=WriteConcern{w=null, wTimeout=null ms, journal=null}, retryWrites=true, retryReads=true, readConcern=ReadConcern{level=null}, credential=MongoCredential{mechanism=null, userName='Valentina', source='admin', password=<hidden>, mechanismProperties=<hidden>}, transportSettings=null, commandListeners=[], codecRegistry=ProvidersCodecRegistry{codecProviders=[ValueCodecProvider{}, BsonValueCodecProvider{}, DBRefCodecProvider{}, DBObjectCodecProvider{}, DocumentCodecProvider{}, CollectionCodecProvider{}, IterableCodecProvider{}, MapCodecProvider{}, GeoJsonCodecProvider{}, GridFSFileCodecProvider{}, Jsr310CodecProvider{}, JsonObjectCodecProvider{}, BsonCodecProvider{}, EnumCodecProvider{}, com.mongodb.client.model.mql.ExpressionCodecProvider@718fd7c1, com.mongodb.Jep395RecordCodecProvider@4bc6da03, com.mongodb.KotlinCodecProvider@4f59a516]}, loggerSettings=LoggerSettings{maxDocumentLength=1000}, clusterSettings={hosts=[127.0.0.1:27017], srvHost=valen.bfjxr.mongodb.net, srvServiceName=mongodb, mode=MULTIPLE, requiredClusterType=REPLICA_SET, requiredReplicaSetName='atlas-5qd11e-shard-0', serverSelector='null', clusterListeners='[]', serverSelectionTimeout='30000 ms', localThreshold='15 ms'}, socketSettings=SocketSettings{connectTimeoutMS=10000, readTimeoutMS=0, receiveBufferSize=0, proxySettings=ProxySettings{host=null, port=null, username=null, password=null}}, heartbeatSocketSettings=SocketSettings{connectTimeoutMS=10000, readTimeoutMS=10000, receiveBufferSize=0, proxySettings=ProxySettings{host=null, port=null, username=null, password=null}}, connectionPoolSettings=ConnectionPoolSettings{maxSize=100, minSize=0, maxWaitTimeMS=120000, maxConnectionLifeTimeMS=0, maxConnectionIdleTimeMS=0, maintenanceInitialDelayMS=0, maintenanceFrequencyMS=60000, connectionPoolListeners=[], maxConnecting=2}, serverSettings=ServerSettings{heartbeatFrequencyMS=10000, minHeartbeatFrequencyMS=500, serverListeners='[]', serverMonitorListeners='[]'}, sslSettings=SslSettings{enabled=true, invalidHostNameAllowed=false, context=null}, applicationName='null', compressorList=[], uuidRepresentation=JAVA_LEGACY, serverApi=null, autoEncryptionSettings=null, dnsClient=null, inetAddressResolver=null, contextProvider=null}
2024-10-13T15:35:57.051-05:00  INFO 30856 --- [MongoDannaClubes] [jxr.mongodb.net] org.mongodb.driver.cluster               : Adding discovered server valen-shard-00-02.bfjxr.mongodb.net:27017 to client view of cluster
2024-10-13T15:35:57.116-05:00  INFO 30856 --- [MongoDannaClubes] [jxr.mongodb.net] org.mongodb.driver.cluster               : Adding discovered server valen-shard-00-00.bfjxr.mongodb.net:27017 to client view of cluster
2024-10-13T15:35:57.122-05:00  INFO 30856 --- [MongoDannaClubes] [jxr.mongodb.net] org.mongodb.driver.cluster               : Adding discovered server valen-shard-00-01.bfjxr.mongodb.net:27017 to client view of cluster
2024-10-13T15:35:58.233-05:00  INFO 30856 --- [MongoDannaClubes] [           main] o.s.b.a.w.s.WelcomePageHandlerMapping    : Adding welcome page template: index
2024-10-13T15:35:58.430-05:00  INFO 30856 --- [MongoDannaClubes] [ngodb.net:27017] org.mongodb.driver.cluster               : Monitor thread successfully connected to server with description ServerDescription{address=valen-shard-00-02.bfjxr.mongodb.net:27017, type=REPLICA_SET_SECONDARY, state=CONNECTED, ok=true, minWireVersion=0, maxWireVersion=21, maxDocumentSize=16777216, logicalSessionTimeoutMinutes=30, roundTripTimeNanos=577050700, setName='atlas-5qd11e-shard-0', canonicalAddress=valen-shard-00-02.bfjxr.mongodb.net:27017, hosts=[valen-shard-00-01.bfjxr.mongodb.net:27017, valen-shard-00-02.bfjxr.mongodb.net:27017, valen-shard-00-00.bfjxr.mongodb.net:27017], passives=[], arbiters=[], primary='valen-shard-00-01.bfjxr.mongodb.net:27017', tagSet=TagSet{[Tag{name='availabilityZone', value='southamerica-east1-c'}, Tag{name='diskState', value='READY'}, Tag{name='nodeType', value='ELECTABLE'}, Tag{name='provider', value='GCP'}, Tag{name='region', value='SOUTH_AMERICA_EAST_1'}, Tag{name='workloadType', value='OPERATIONAL'}]}, electionId=null, setVersion=11, topologyVersion=TopologyVersion{processId=6707ea3f7c939837e8019327, counter=3}, lastWriteDate=Sun Oct 13 15:35:57 COT 2024, lastUpdateTimeNanos=19435536402200}
2024-10-13T15:35:58.430-05:00  INFO 30856 --- [MongoDannaClubes] [ngodb.net:27017] org.mongodb.driver.cluster               : Monitor thread successfully connected to server with description ServerDescription{address=valen-shard-00-00.bfjxr.mongodb.net:27017, type=REPLICA_SET_SECONDARY, state=CONNECTED, ok=true, minWireVersion=0, maxWireVersion=21, maxDocumentSize=16777216, logicalSessionTimeoutMinutes=30, roundTripTimeNanos=577272000, setName='atlas-5qd11e-shard-0', canonicalAddress=valen-shard-00-00.bfjxr.mongodb.net:27017, hosts=[valen-shard-00-01.bfjxr.mongodb.net:27017, valen-shard-00-02.bfjxr.mongodb.net:27017, valen-shard-00-00.bfjxr.mongodb.net:27017], passives=[], arbiters=[], primary='valen-shard-00-01.bfjxr.mongodb.net:27017', tagSet=TagSet{[Tag{name='availabilityZone', value='southamerica-east1-a'}, Tag{name='diskState', value='READY'}, Tag{name='nodeType', value='ELECTABLE'}, Tag{name='provider', value='GCP'}, Tag{name='region', value='SOUTH_AMERICA_EAST_1'}, Tag{name='workloadType', value='OPERATIONAL'}]}, electionId=null, setVersion=11, topologyVersion=TopologyVersion{processId=6707e4ec0e6c916aa162c922, counter=4}, lastWriteDate=Sun Oct 13 15:35:57 COT 2024, lastUpdateTimeNanos=19435536402100}
2024-10-13T15:35:58.430-05:00  INFO 30856 --- [MongoDannaClubes] [ngodb.net:27017] org.mongodb.driver.cluster               : Monitor thread successfully connected to server with description ServerDescription{address=valen-shard-00-01.bfjxr.mongodb.net:27017, type=REPLICA_SET_PRIMARY, state=CONNECTED, ok=true, minWireVersion=0, maxWireVersion=21, maxDocumentSize=16777216, logicalSessionTimeoutMinutes=30, roundTripTimeNanos=577445700, setName='atlas-5qd11e-shard-0', canonicalAddress=valen-shard-00-01.bfjxr.mongodb.net:27017, hosts=[valen-shard-00-01.bfjxr.mongodb.net:27017, valen-shard-00-02.bfjxr.mongodb.net:27017, valen-shard-00-00.bfjxr.mongodb.net:27017], passives=[], arbiters=[], primary='valen-shard-00-01.bfjxr.mongodb.net:27017', tagSet=TagSet{[Tag{name='availabilityZone', value='southamerica-east1-b'}, Tag{name='diskState', value='READY'}, Tag{name='nodeType', value='ELECTABLE'}, Tag{name='provider', value='GCP'}, Tag{name='region', value='SOUTH_AMERICA_EAST_1'}, Tag{name='workloadType', value='OPERATIONAL'}]}, electionId=7fffffff000000000000007b, setVersion=11, topologyVersion=TopologyVersion{processId=6707e835f2396d291b5af0ab, counter=6}, lastWriteDate=Sun Oct 13 15:35:57 COT 2024, lastUpdateTimeNanos=19435536679000}
2024-10-13T15:35:58.439-05:00  INFO 30856 --- [MongoDannaClubes] [ngodb.net:27017] org.mongodb.driver.cluster               : Discovered replica set primary valen-shard-00-01.bfjxr.mongodb.net:27017 with max election id 7fffffff000000000000007b and max set version 11
2024-10-13T15:35:58.931-05:00  INFO 30856 --- [MongoDannaClubes] [           main] c.m.a.MongoDannaClubesApplicationTests   : Started MongoDannaClubesApplicationTests in 4.524 seconds (process running for 5.971)
]]></system-out>
  </testcase>
</testsuite>